test_capitalize_first_letter (__main__.TestExercice) ... ERROR
test_linking_words (__main__.TestExercice) ... ERROR
test_lower_case_names (__main__.TestExercice) ... ERROR
test_upper_case_names (__main__.TestExercice) ... ERROR

======================================================================
ERROR: test_capitalize_first_letter (__main__.TestExercice)
----------------------------------------------------------------------
Traceback (most recent call last):
  File "test_exercice.py", line 24, in test_capitalize_first_letter
    output = list(map(exercice.capitaliser_pays, altered_names))
  File "/home/runner/work/test-cours3-leandregrimmel/test-cours3-leandregrimmel/exercice.py", line 7, in capitaliser_pays
    print(r)
NameError: name 'r' is not defined

======================================================================
ERROR: test_linking_words (__main__.TestExercice)
----------------------------------------------------------------------
Traceback (most recent call last):
  File "test_exercice.py", line 60, in test_linking_words
    output = list(map(exercice.capitaliser_pays, altered_names))
  File "/home/runner/work/test-cours3-leandregrimmel/test-cours3-leandregrimmel/exercice.py", line 7, in capitaliser_pays
    print(r)
NameError: name 'r' is not defined

======================================================================
ERROR: test_lower_case_names (__main__.TestExercice)
----------------------------------------------------------------------
Traceback (most recent call last):
  File "test_exercice.py", line 35, in test_lower_case_names
    output = list(map(exercice.capitaliser_pays, altered_names))
  File "/home/runner/work/test-cours3-leandregrimmel/test-cours3-leandregrimmel/exercice.py", line 7, in capitaliser_pays
    print(r)
NameError: name 'r' is not defined

======================================================================
ERROR: test_upper_case_names (__main__.TestExercice)
----------------------------------------------------------------------
Traceback (most recent call last):
  File "test_exercice.py", line 44, in test_upper_case_names
    output = list(map(exercice.capitaliser_pays, altered_names))
  File "/home/runner/work/test-cours3-leandregrimmel/test-cours3-leandregrimmel/exercice.py", line 7, in capitaliser_pays
    print(r)
NameError: name 'r' is not defined

----------------------------------------------------------------------
Ran 4 tests in 0.001s

FAILED (errors=4)
